Build started 21/11/2016 23:36:17.
     1>Project "F:\coursework\ConsoleApplication9\ConsoleApplication9.vcxproj" on node 2 (Build target(s)).
     1>ClCompile:
         C:\Program Files (x86)\Microsoft Visual Studio 14.0\VC\bin\x86_amd64\CL.exe /c /ZI /nologo /W3 /WX- /Od /D _DEBUG /D _CONSOLE /D _UNICODE /D UNICODE /Gm /EHsc /RTC1 /MDd /GS /fp:precise /Zc:wchar_t /Zc:forScope /Zc:inline /Fo"x64\Debug\\" /Fd"x64\Debug\vc140.pdb" /Gd /TP /errorReport:prompt Source.cpp
         Source.cpp
     1>f:\coursework\consoleapplication9\source.cpp(56): warning C4244: 'argument': conversion from 'time_t' to 'unsigned int', possible loss of data
     1>f:\coursework\consoleapplication9\source.cpp(311): warning C4715: 'computerInput': not all control paths return a value
       Link:
         C:\Program Files (x86)\Microsoft Visual Studio 14.0\VC\bin\x86_amd64\link.exe /ERRORREPORT:PROMPT /OUT:"F:\coursework\x64\Debug\Coursework.exe" /INCREMENTAL /NOLOGO kernel32.lib user32.lib gdi32.lib winspool.lib comdlg32.lib advapi32.lib shell32.lib ole32.lib oleaut32.lib uuid.lib odbc32.lib odbccp32.lib /MANIFEST /MANIFESTUAC:"level='asInvoker' uiAccess='false'" /manifest:embed /Debug /PDB:"F:\coursework\x64\Debug\Coursework.pdb" /SUBSYSTEM:CONSOLE /TLBID:1 /DYNAMICBASE /NXCOMPAT /IMPLIB:"F:\coursework\x64\Debug\Coursework.lib" /MACHINE:X64 x64\Debug\Source.obj
     1>Source.obj : error LNK2019: unresolved external symbol __imp_pthread_create referenced in function "void __cdecl codemasterPlayerTest(void)" (?codemasterPlayerTest@@YAXXZ)
     1>Source.obj : error LNK2019: unresolved external symbol __imp_pthread_exit referenced in function "void * __cdecl threadTest(void *)" (?threadTest@@YAPEAXPEAX@Z)
     1>Source.obj : error LNK2019: unresolved external symbol __imp_pthread_join referenced in function "void __cdecl codemasterPlayerTest(void)" (?codemasterPlayerTest@@YAXXZ)
     1>F:\coursework\x64\Debug\Coursework.exe : fatal error LNK1120: 3 unresolved externals
     1>Done Building Project "F:\coursework\ConsoleApplication9\ConsoleApplication9.vcxproj" (Build target(s)) -- FAILED.

Build FAILED.

Time Elapsed 00:00:02.12
